<?xml version="1.0" encoding="UTF-8"?>
<!-- Generated by org.testng.reporters.JUnitXMLReporter -->
<testsuite hostname="DESKTOP-U5HND20" ignored="0" name="Test" tests="6" failures="0" timestamp="2020-08-11T13:11:02 CEST" time="0.191" errors="0">
  <testcase name="deleteTwitter" time="0.022" classname="qaclickacademy.Mavenjava.RestAPITest"/>
  <testcase name="postJira" time="0.003" classname="qaclickacademy.Mavenjava.RestAPITest"/>
  <testcase name="IOSApps" time="0.003" classname="qaclickacademy.Mavenjava.AppiumTest"/>
  <testcase name="NativeAPPAndroid" time="0.005" classname="qaclickacademy.Mavenjava.AppiumTest"/>
  <testcase name="BrowserAutomation" time="0.007" classname="qaclickacademy.Mavenjava.SeleniumTest"/>
  <testcase name="elementsUi" time="0.004" classname="qaclickacademy.Mavenjava.SeleniumTest"/>
</testsuite> <!-- Test -->
