<?xml version="1.0" encoding="UTF-8"?>
<testng-results skipped="0" failed="0" ignored="0" total="6" passed="6">
  <reporter-output>
  </reporter-output>
  <suite name="Suite" duration-ms="191" started-at="2020-08-11T13:11:02 CEST" finished-at="2020-08-11T13:11:02 CEST">
    <groups>
    </groups>
    <test name="Test" duration-ms="191" started-at="2020-08-11T13:11:02 CEST" finished-at="2020-08-11T13:11:02 CEST">
      <class name="qaclickacademy.Mavenjava.RestAPITest">
        <test-method status="PASS" signature="deleteTwitter()[pri:0, instance:qaclickacademy.Mavenjava.RestAPITest@4232c52b]" name="deleteTwitter" duration-ms="22" started-at="2020-08-11T13:11:02 CEST" finished-at="2020-08-11T13:11:02 CEST">
          <reporter-output>
          </reporter-output>
        </test-method> <!-- deleteTwitter -->
        <test-method status="PASS" signature="postJira()[pri:0, instance:qaclickacademy.Mavenjava.RestAPITest@4232c52b]" name="postJira" duration-ms="3" started-at="2020-08-11T13:11:02 CEST" finished-at="2020-08-11T13:11:02 CEST">
          <reporter-output>
          </reporter-output>
        </test-method> <!-- postJira -->
      </class> <!-- qaclickacademy.Mavenjava.RestAPITest -->
      <class name="qaclickacademy.Mavenjava.AppiumTest">
        <test-method status="PASS" signature="IOSApps()[pri:0, instance:qaclickacademy.Mavenjava.AppiumTest@1877ab81]" name="IOSApps" duration-ms="3" started-at="2020-08-11T13:11:02 CEST" finished-at="2020-08-11T13:11:02 CEST">
          <reporter-output>
          </reporter-output>
        </test-method> <!-- IOSApps -->
        <test-method status="PASS" signature="NativeAPPAndroid()[pri:0, instance:qaclickacademy.Mavenjava.AppiumTest@1877ab81]" name="NativeAPPAndroid" duration-ms="5" started-at="2020-08-11T13:11:02 CEST" finished-at="2020-08-11T13:11:02 CEST">
          <reporter-output>
          </reporter-output>
        </test-method> <!-- NativeAPPAndroid -->
      </class> <!-- qaclickacademy.Mavenjava.AppiumTest -->
      <class name="qaclickacademy.Mavenjava.SeleniumTest">
        <test-method status="PASS" signature="BrowserAutomation()[pri:0, instance:qaclickacademy.Mavenjava.SeleniumTest@305fd85d]" name="BrowserAutomation" duration-ms="7" started-at="2020-08-11T13:11:02 CEST" finished-at="2020-08-11T13:11:02 CEST">
          <reporter-output>
          </reporter-output>
        </test-method> <!-- BrowserAutomation -->
        <test-method status="PASS" signature="elementsUi()[pri:0, instance:qaclickacademy.Mavenjava.SeleniumTest@305fd85d]" name="elementsUi" duration-ms="4" started-at="2020-08-11T13:11:02 CEST" finished-at="2020-08-11T13:11:02 CEST">
          <reporter-output>
          </reporter-output>
        </test-method> <!-- elementsUi -->
      </class> <!-- qaclickacademy.Mavenjava.SeleniumTest -->
    </test> <!-- Test -->
  </suite> <!-- Suite -->
</testng-results>
